<?xml version="1.0" encoding="UTF-8"?>
<!-- Generated by org.testng.reporters.JUnitReportReporter -->
<testsuite hostname="Max-PC" failures="0" tests="3" name="rutkouski.shape.reader.LineFileReaderTest" time="0.368" errors="0" timestamp="2021-10-14T17:27:24 EET" skipped="0">
  <testcase classname="rutkouski.shape.reader.LineFileReaderTest" name="readFileLinesFileNotExistsTest" time="0.013"/>
  <system-out/>
  <testcase classname="rutkouski.shape.reader.LineFileReaderTest" name="readFileLinesCorrectTest" time="0.354"/>
  <system-out/>
  <testcase classname="rutkouski.shape.reader.LineFileReaderTest" name="readFileLinesNullPointerTest" time="0.001"/>
  <system-out/>
</testsuite> <!-- rutkouski.shape.reader.LineFileReaderTest -->
