<?xml version="1.0" encoding="UTF-8"?>
<!-- Generated by org.testng.reporters.JUnitReportReporter -->
<testsuite hostname="Max-PC" failures="0" tests="3" name="rutkouski.shape.reader.LineFileReaderTest" time="0.401" errors="0" timestamp="2021-10-25T17:41:18 EET" skipped="0">
  <testcase classname="rutkouski.shape.reader.LineFileReaderTest" name="readFileLinesFileNotExistsTest" time="0.002"/>
  <system-out/>
  <testcase classname="rutkouski.shape.reader.LineFileReaderTest" name="readFileLinesCorrectTest" time="0.397"/>
  <system-out/>
  <testcase classname="rutkouski.shape.reader.LineFileReaderTest" name="readFileLinesNullPointerTest" time="0.002"/>
  <system-out/>
</testsuite> <!-- rutkouski.shape.reader.LineFileReaderTest -->
