<?xml version="1.0" encoding="UTF-8"?>
<!-- Generated by org.testng.reporters.JUnitReportReporter -->
<testsuite hostname="Max-PC" failures="0" tests="7" name="rutkouski.shape.service.ConeServiceTest" time="0.015" errors="0" timestamp="2021-10-25T17:27:08 EET" skipped="0">
  <testcase classname="rutkouski.shape.service.ConeServiceTest" name="calculateConeAreaTest" time="0.007"/>
  <system-out/>
  <testcase classname="rutkouski.shape.service.ConeServiceTest" name="calculateVolumeRatioTest" time="0.001"/>
  <system-out/>
  <testcase classname="rutkouski.shape.service.ConeServiceTest" name="calculateVolumeRatioTest" time="0.002"/>
  <system-out/>
  <testcase classname="rutkouski.shape.service.ConeServiceTest" name="calculateConeVolumeTest" time="0.002"/>
  <system-out/>
  <testcase classname="rutkouski.shape.service.ConeServiceTest" name="isBaseOnTheXYPlaneTest" time="0.000"/>
  <system-out/>
  <testcase classname="rutkouski.shape.service.ConeServiceTest" name="calculateVolumeRatioTest" time="0.002"/>
  <system-out/>
  <testcase classname="rutkouski.shape.service.ConeServiceTest" name="calculateVolumeRatioTest" time="0.001"/>
  <system-out/>
</testsuite> <!-- rutkouski.shape.service.ConeServiceTest -->
