<?xml version="1.0" encoding="UTF-8"?>
<!-- Generated by org.testng.reporters.JUnitReportReporter -->
<testsuite hostname="Max-PC" failures="0" tests="3" name="rutkouski.shape.parser.StringToDoubleParserImplTest" time="0.377" errors="0" timestamp="2021-10-14T16:30:35 EET" skipped="0">
  <testcase classname="rutkouski.shape.parser.StringToDoubleParserImplTest" name="parseToDoubleIncorrectTest" time="0.001"/>
  <system-out/>
  <testcase classname="rutkouski.shape.parser.StringToDoubleParserImplTest" name="parseToDoubleCorrectTest" time="0.363"/>
  <system-out/>
  <testcase classname="rutkouski.shape.parser.StringToDoubleParserImplTest" name="parseToDoubleNullPointerExceptionTest" time="0.013"/>
  <system-out/>
</testsuite> <!-- rutkouski.shape.parser.StringToDoubleParserImplTest -->
