<?xml version="1.0" encoding="UTF-8"?>
<!-- Generated by org.testng.reporters.JUnitReportReporter -->
<testsuite hostname="Max-PC" failures="0" tests="1" name="rutkouski.shape.parser.StringToDoubleParserTest" time="0.386" errors="0" timestamp="2021-10-15T01:15:38 EET" skipped="0">
  <testcase classname="rutkouski.shape.parser.StringToDoubleParserTest" name="parseToDoubleCorrectTest" time="0.386"/>
  <system-out/>
</testsuite> <!-- rutkouski.shape.parser.StringToDoubleParserTest -->
